  ChatGrpcClient.cpp
  Please define _WIN32_WINNT or _WIN32_WINDOWS appropriately. For example:
  - add -D_WIN32_WINNT=0x0601 to the compiler command line; or
  - add _WIN32_WINNT=0x0601 to your project's Preprocessor Definitions.
  Assuming _WIN32_WINNT=0x0601 (i.e. Windows 7 target).
  ChatServiceImpl.cpp
  Please define _WIN32_WINNT or _WIN32_WINDOWS appropriately. For example:
  - add -D_WIN32_WINNT=0x0601 to the compiler command line; or
  - add _WIN32_WINNT=0x0601 to your project's Preprocessor Definitions.
  Assuming _WIN32_WINNT=0x0601 (i.e. Windows 7 target).
  UserMgr.cpp
  Please define _WIN32_WINNT or _WIN32_WINDOWS appropriately. For example:
  - add -D_WIN32_WINNT=0x0601 to the compiler command line; or
  - add _WIN32_WINNT=0x0601 to your project's Preprocessor Definitions.
  Assuming _WIN32_WINNT=0x0601 (i.e. Windows 7 target).
  正在生成代码...
  ChatServer.vcxproj -> D:\Study\QT\project\zzchat\server\ChatServer2\x64\Debug\ChatServer.exe
  D:\Study\QT\project\zzchat\server\ChatServer2\config.ini
  复制了 1 个文件
  D:\Study\QT\project\zzchat\server\ChatServer2\mysqlcppconn-9-vs14.dll
  D:\Study\QT\project\zzchat\server\ChatServer2\mysqlcppconn8-2-vs14.dll
  复制了 2 个文件
